<?xml version="1.0" encoding="UTF-8"?>
<testsuites>
  <testsuite name="CodeIgniter Application Test Suite" tests="7" assertions="60" failures="0" errors="0" time="23.592894">
    <testsuite name="Welcome_test" file="/var/www/html/ppdb-sma/application/tests/controllers/Welcome_test.php" tests="3" assertions="2" failures="0" errors="0" time="0.157535">
      <testcase name="test_index" class="Welcome_test" file="/var/www/html/ppdb-sma/application/tests/controllers/Welcome_test.php" line="13" assertions="0" time="0.039348"/>
      <testcase name="test_method_404" class="Welcome_test" file="/var/www/html/ppdb-sma/application/tests/controllers/Welcome_test.php" line="19" assertions="1" time="0.077774"/>
      <testcase name="test_APPPATH" class="Welcome_test" file="/var/www/html/ppdb-sma/application/tests/controllers/Welcome_test.php" line="25" assertions="1" time="0.040413"/>
    </testsuite>
    <testsuite name="Model_registrant_test" file="/var/www/html/ppdb-sma/application/tests/models/Model_registrant_test.php" tests="4" assertions="58" failures="0" errors="0" time="23.435359">
      <testcase name="test_get_data_registrant" class="Model_registrant_test" file="/var/www/html/ppdb-sma/application/tests/models/Model_registrant_test.php" line="40" assertions="38" time="3.449157"/>
      <testcase name="test_crud_data_registrant" class="Model_registrant_test" file="/var/www/html/ppdb-sma/application/tests/models/Model_registrant_test.php" line="59" assertions="5" time="6.582337"/>
      <testcase name="test_get_data_registrant_detail" class="Model_registrant_test" file="/var/www/html/ppdb-sma/application/tests/models/Model_registrant_test.php" line="87" assertions="11" time="2.556563"/>
      <testcase name="test_crud_data_registrant_detail" class="Model_registrant_test" file="/var/www/html/ppdb-sma/application/tests/models/Model_registrant_test.php" line="98" assertions="4" time="10.847302"/>
    </testsuite>
  </testsuite>
</testsuites>
